<?xml version="1.0" encoding="UTF-8"?>
<!-- Generated by org.testng.reporters.JUnitReportReporter -->
<testsuite hostname="Nidrish" failures="0" tests="1" name="suitea.TestAA" time="0.000" errors="0" timestamp="24 May 2023 14:23:53 GMT" skipped="1">
  <testcase classname="suitea.TestAA" name="testAA" time="0.000">
    <skipped/>
  </testcase> <!-- testAA -->
</testsuite> <!-- suitea.TestAA -->
