<?xml version="1.0" encoding="UTF-8"?>
<!-- Generated by org.testng.reporters.JUnitReportReporter -->
<testsuite hostname="Nidrish" failures="0" tests="1" name="suitea.GenericCalendar" time="14.076" errors="0" timestamp="28 May 2023 20:48:31 GMT" skipped="0">
  <testcase classname="suitea.GenericCalendar" name="selectDate" time="14.076"/>
</testsuite> <!-- suitea.GenericCalendar -->
