<?xml version="1.0" encoding="UTF-8"?>
<!-- Generated by org.testng.reporters.JUnitReportReporter -->
<testsuite hostname="Nidrish" failures="0" tests="1" name="suitea.SakraWorld" time="35.708" errors="0" timestamp="28 May 2023 20:46:48 GMT" skipped="0">
  <testcase classname="suitea.SakraWorld" name="appointmentTest" time="35.708"/>
</testsuite> <!-- suitea.SakraWorld -->
